<?xml version='1.0' encoding='UTF-8'?>
<testsuite hostname="DESKTOP-RFSP19B" name="vonemu.lang.TestSuite" tests="1" errors="0" failures="0" time="0.0">
                     <properties>
[...]
</properties>
                     <testcase classname="vonemu.lang.TestSuite" name="one plus one is two" time="0.0">
                                                 
                                               </testcase>
                     <system-out></system-out>
                     <system-err></system-err>
                   </testsuite>