<?xml version='1.0' encoding='UTF-8'?>
<testsuite hostname="asus510" name="vonsim.simulator.SimulatorSuite" tests="6" errors="0" failures="3" time="0.051">
                     <properties>
[...]
</properties>
                     <testcase classname="vonsim.simulator.SimulatorSuite" name="3+2=5 register" time="0.014">
                                                 
                                               </testcase><testcase classname="vonsim.simulator.SimulatorSuite" name="3+2=5 memory" time="0.007">
                                                 
                                               </testcase><testcase classname="vonsim.simulator.SimulatorSuite" name="3+3=6 memory/register" time="0.007">
                                                 
                                               </testcase><testcase classname="vonsim.simulator.SimulatorSuite" name="3+1=4" time="0.007">
                                                 <failure message="Expected 4, but got 0" type="org.scalajs.testadapter.RemoteException">org.scalatest.exceptions.TestFailedException: Expected 4, but got 0
	at &lt;jscode&gt;.$c_Lorg_scalatest_exceptions_TestFailedException.$c_jl_Throwable.fillInStackTrace__jl_Throwable(/data/dev/vonsim/target/scala-2.11/https:/raw.githubusercontent.com/scala-js/scala-js/v0.6.14/library/src/main/scala/scala/scalajs/runtime/StackTrace.scala:33)
	at &lt;jscode&gt;.$c_Lorg_scalatest_exceptions_TestFailedException.$c_jl_Throwable.init___T__jl_Throwable(/data/dev/vonsim/target/scala-2.11/https:/raw.githubusercontent.com/scala-js/scala-js/v0.6.14/javalanglib/src/main/scala/java/lang/Throwables.scala:12)
	at &lt;jscode&gt;.$c_Lorg_scalatest_exceptions_TestFailedException.$c_jl_RuntimeException.init___jl_Throwable(/data/dev/vonsim/target/scala-2.11/https:/raw.githubusercontent.com/scala-js/scala-js/v0.6.14/javalanglib/src/main/scala/java/lang/Throwables.scala:342)
	at &lt;jscode&gt;.$c_Lorg_scalatest_exceptions_TestFailedException.$c_Lorg_scalatest_exceptions_StackDepthException.init___F1__s_Option__s_util_Either(/data/dev/vonsim/target/scala-2.11/https:/raw.githubusercontent.com/scalatest/scalatest/v3.0.0/scalatest.js/target/scala-2.11/src_managed/main/scala/org/scalatest/exceptions/StackDepthException.scala:42)
	at org.scalatest.exceptions.TestFailedException.&lt;init&gt;(/data/dev/vonsim/target/scala-2.11/https:/raw.githubusercontent.com/scalatest/scalatest/v3.0.0/scalatest.js/target/scala-2.11/src_managed/main/scala/org/scalatest/exceptions/TestFailedException.scala:54)
	at org.scalatest.exceptions.TestFailedException.&lt;init&gt;(/data/dev/vonsim/target/scala-2.11/https:/raw.githubusercontent.com/scalatest/scalatest/v3.0.0/scalatest.js/target/scala-2.11/src_managed/main/scala/org/scalatest/exceptions/TestFailedException.scala:78)
	at org.scalatest.Assertions$class.newAssertionFailedException(/data/dev/vonsim/target/scala-2.11/https:/raw.githubusercontent.com/scalatest/scalatest/v3.0.0/scalatest.js/target/scala-2.11/src_managed/main/scala/org/scalatest/Assertions.scala:528)
	at org.scalatest.Assertions$class.assertResult(/data/dev/vonsim/target/scala-2.11/https:/raw.githubusercontent.com/scalatest/scalatest/v3.0.0/scalatest.js/target/scala-2.11/src_managed/main/scala/org/scalatest/Assertions.scala:1020)
	at &lt;jscode&gt;.{anonymous}()(/data/dev/vonsim/target/scala-2.11/https:/raw.githubusercontent.com/scalatest/scalatest/v3.0.0/scalatest.js/target/scala-2.11/src_managed/main/scala/org/scalatest/FunSuite.scala:1560)
	at scala.scalajs.runtime.AnonFunction0.apply(/data/dev/vonsim/target/scala-2.11/https:/raw.githubusercontent.com/scala-js/scala-js/v0.6.14/library/src/main/scala/scala/scalajs/runtime/AnonFunctions.scala:10)
</failure>
                                               </testcase><testcase classname="vonsim.simulator.SimulatorSuite" name="3-1=2" time="0.009">
                                                 <failure message="Expected 2, but got 0" type="org.scalajs.testadapter.RemoteException">org.scalatest.exceptions.TestFailedException: Expected 2, but got 0
	at &lt;jscode&gt;.$c_Lorg_scalatest_exceptions_TestFailedException.$c_jl_Throwable.fillInStackTrace__jl_Throwable(/data/dev/vonsim/target/scala-2.11/https:/raw.githubusercontent.com/scala-js/scala-js/v0.6.14/library/src/main/scala/scala/scalajs/runtime/StackTrace.scala:33)
	at &lt;jscode&gt;.$c_Lorg_scalatest_exceptions_TestFailedException.$c_jl_Throwable.init___T__jl_Throwable(/data/dev/vonsim/target/scala-2.11/https:/raw.githubusercontent.com/scala-js/scala-js/v0.6.14/javalanglib/src/main/scala/java/lang/Throwables.scala:12)
	at &lt;jscode&gt;.$c_Lorg_scalatest_exceptions_TestFailedException.$c_jl_RuntimeException.init___jl_Throwable(/data/dev/vonsim/target/scala-2.11/https:/raw.githubusercontent.com/scala-js/scala-js/v0.6.14/javalanglib/src/main/scala/java/lang/Throwables.scala:342)
	at &lt;jscode&gt;.$c_Lorg_scalatest_exceptions_TestFailedException.$c_Lorg_scalatest_exceptions_StackDepthException.init___F1__s_Option__s_util_Either(/data/dev/vonsim/target/scala-2.11/https:/raw.githubusercontent.com/scalatest/scalatest/v3.0.0/scalatest.js/target/scala-2.11/src_managed/main/scala/org/scalatest/exceptions/StackDepthException.scala:42)
	at org.scalatest.exceptions.TestFailedException.&lt;init&gt;(/data/dev/vonsim/target/scala-2.11/https:/raw.githubusercontent.com/scalatest/scalatest/v3.0.0/scalatest.js/target/scala-2.11/src_managed/main/scala/org/scalatest/exceptions/TestFailedException.scala:54)
	at org.scalatest.exceptions.TestFailedException.&lt;init&gt;(/data/dev/vonsim/target/scala-2.11/https:/raw.githubusercontent.com/scalatest/scalatest/v3.0.0/scalatest.js/target/scala-2.11/src_managed/main/scala/org/scalatest/exceptions/TestFailedException.scala:78)
	at org.scalatest.Assertions$class.newAssertionFailedException(/data/dev/vonsim/target/scala-2.11/https:/raw.githubusercontent.com/scalatest/scalatest/v3.0.0/scalatest.js/target/scala-2.11/src_managed/main/scala/org/scalatest/Assertions.scala:528)
	at org.scalatest.Assertions$class.assertResult(/data/dev/vonsim/target/scala-2.11/https:/raw.githubusercontent.com/scalatest/scalatest/v3.0.0/scalatest.js/target/scala-2.11/src_managed/main/scala/org/scalatest/Assertions.scala:1020)
	at &lt;jscode&gt;.{anonymous}()(/data/dev/vonsim/target/scala-2.11/https:/raw.githubusercontent.com/scalatest/scalatest/v3.0.0/scalatest.js/target/scala-2.11/src_managed/main/scala/org/scalatest/FunSuite.scala:1560)
	at scala.scalajs.runtime.AnonFunction0.apply(/data/dev/vonsim/target/scala-2.11/https:/raw.githubusercontent.com/scala-js/scala-js/v0.6.14/library/src/main/scala/scala/scalajs/runtime/AnonFunctions.scala:10)
</failure>
                                               </testcase><testcase classname="vonsim.simulator.SimulatorSuite" name="push pop" time="0.007">
                                                 <failure message="Expected 2, but got 3" type="org.scalajs.testadapter.RemoteException">org.scalatest.exceptions.TestFailedException: Expected 2, but got 3
	at &lt;jscode&gt;.$c_Lorg_scalatest_exceptions_TestFailedException.$c_jl_Throwable.fillInStackTrace__jl_Throwable(/data/dev/vonsim/target/scala-2.11/https:/raw.githubusercontent.com/scala-js/scala-js/v0.6.14/library/src/main/scala/scala/scalajs/runtime/StackTrace.scala:33)
	at &lt;jscode&gt;.$c_Lorg_scalatest_exceptions_TestFailedException.$c_jl_Throwable.init___T__jl_Throwable(/data/dev/vonsim/target/scala-2.11/https:/raw.githubusercontent.com/scala-js/scala-js/v0.6.14/javalanglib/src/main/scala/java/lang/Throwables.scala:12)
	at &lt;jscode&gt;.$c_Lorg_scalatest_exceptions_TestFailedException.$c_jl_RuntimeException.init___jl_Throwable(/data/dev/vonsim/target/scala-2.11/https:/raw.githubusercontent.com/scala-js/scala-js/v0.6.14/javalanglib/src/main/scala/java/lang/Throwables.scala:342)
	at &lt;jscode&gt;.$c_Lorg_scalatest_exceptions_TestFailedException.$c_Lorg_scalatest_exceptions_StackDepthException.init___F1__s_Option__s_util_Either(/data/dev/vonsim/target/scala-2.11/https:/raw.githubusercontent.com/scalatest/scalatest/v3.0.0/scalatest.js/target/scala-2.11/src_managed/main/scala/org/scalatest/exceptions/StackDepthException.scala:42)
	at org.scalatest.exceptions.TestFailedException.&lt;init&gt;(/data/dev/vonsim/target/scala-2.11/https:/raw.githubusercontent.com/scalatest/scalatest/v3.0.0/scalatest.js/target/scala-2.11/src_managed/main/scala/org/scalatest/exceptions/TestFailedException.scala:54)
	at org.scalatest.exceptions.TestFailedException.&lt;init&gt;(/data/dev/vonsim/target/scala-2.11/https:/raw.githubusercontent.com/scalatest/scalatest/v3.0.0/scalatest.js/target/scala-2.11/src_managed/main/scala/org/scalatest/exceptions/TestFailedException.scala:78)
	at org.scalatest.Assertions$class.newAssertionFailedException(/data/dev/vonsim/target/scala-2.11/https:/raw.githubusercontent.com/scalatest/scalatest/v3.0.0/scalatest.js/target/scala-2.11/src_managed/main/scala/org/scalatest/Assertions.scala:528)
	at org.scalatest.Assertions$class.assertResult(/data/dev/vonsim/target/scala-2.11/https:/raw.githubusercontent.com/scalatest/scalatest/v3.0.0/scalatest.js/target/scala-2.11/src_managed/main/scala/org/scalatest/Assertions.scala:1020)
	at &lt;jscode&gt;.{anonymous}()(/data/dev/vonsim/target/scala-2.11/https:/raw.githubusercontent.com/scalatest/scalatest/v3.0.0/scalatest.js/target/scala-2.11/src_managed/main/scala/org/scalatest/FunSuite.scala:1560)
	at scala.scalajs.runtime.AnonFunction0.apply(/data/dev/vonsim/target/scala-2.11/https:/raw.githubusercontent.com/scala-js/scala-js/v0.6.14/library/src/main/scala/scala/scalajs/runtime/AnonFunctions.scala:10)
</failure>
                                               </testcase>
                     <system-out></system-out>
                     <system-err></system-err>
                   </testsuite>